2021-09-18 05:50:40,902 - undetected_chromedriver - INFO - Selenium patched. Safe to import Chrome / ChromeOptions
2021-09-18 05:50:40,902 - undetected_chromedriver - INFO - Selenium patched. Safe to import Chrome / ChromeOptions
2021-09-18 05:50:40,902 - undetected_chromedriver - INFO - Selenium patched. Safe to import Chrome / ChromeOptions
2021-09-18 05:51:09,915 - undetected_chromedriver - INFO - Selenium patched. Safe to import Chrome / ChromeOptions
2021-09-18 05:51:09,915 - undetected_chromedriver - INFO - Selenium patched. Safe to import Chrome / ChromeOptions
2021-09-18 05:51:09,915 - undetected_chromedriver - INFO - Selenium patched. Safe to import Chrome / ChromeOptions
2021-09-18 05:51:11,003 - undetected_chromedriver - INFO - starting undetected_chromedriver.Chrome((), {'options': <selenium.webdriver.chrome.options.Options object at 0x0000020E39EBBF70>, 'executable_path': './chromedriver.exe'})
2021-09-18 05:51:11,004 - insta_web_actions - INFO - Getting User List From Hashtag
2021-09-18 05:51:16,941 - insta_web_actions - INFO - Getting Post List from User Hashtag List
2021-09-18 05:51:21,035 - insta_web_actions - INFO - Getting Liked By User List from Hashtag List
2021-09-18 05:51:41,381 - insta_web_actions - INFO - Getting Liked By User List from Hashtag List
2021-09-18 05:51:57,097 - insta_web_actions - INFO - Getting Liked By User List from Hashtag List
2021-09-18 05:52:20,727 - insta_web_actions - INFO - Getting Liked By User List from Hashtag List
2021-09-18 05:52:37,577 - insta_web_actions - INFO - Getting Liked By User List from Hashtag List
2021-09-18 05:52:53,268 - insta_web_actions - INFO - Getting Liked By User List from Hashtag List
2021-09-18 05:53:09,326 - insta_web_actions - INFO - Getting Liked By User List from Hashtag List
2021-09-18 05:56:43,397 - undetected_chromedriver - INFO - Selenium patched. Safe to import Chrome / ChromeOptions
2021-09-18 05:56:43,397 - undetected_chromedriver - INFO - Selenium patched. Safe to import Chrome / ChromeOptions
2021-09-18 05:56:43,397 - undetected_chromedriver - INFO - Selenium patched. Safe to import Chrome / ChromeOptions
2021-09-18 05:56:44,473 - undetected_chromedriver - INFO - starting undetected_chromedriver.Chrome((), {'options': <selenium.webdriver.chrome.options.Options object at 0x000001F945C644F0>, 'executable_path': './chromedriver.exe'})
2021-09-18 05:56:44,474 - insta_web_actions - INFO - Getting User List From Hashtag
2021-09-18 05:56:50,624 - insta_web_actions - INFO - Getting Post List from User Hashtag List
2021-09-18 05:56:55,419 - insta_web_actions - INFO - Getting Liked By User List from Hashtag List
2021-09-18 05:57:15,745 - insta_web_actions - INFO - Getting Liked By User List from Hashtag List
2021-09-18 05:57:32,376 - insta_web_actions - INFO - Getting Liked By User List from Hashtag List
2021-09-18 05:57:55,960 - insta_web_actions - INFO - Getting Liked By User List from Hashtag List
2021-09-18 05:58:13,330 - insta_web_actions - INFO - Getting Liked By User List from Hashtag List
2021-09-25 11:11:21,042 - undetected_chromedriver - INFO - Selenium patched. Safe to import Chrome / ChromeOptions
2021-09-25 11:11:21,042 - undetected_chromedriver - INFO - Selenium patched. Safe to import Chrome / ChromeOptions
2021-09-25 11:11:21,042 - undetected_chromedriver - INFO - Selenium patched. Safe to import Chrome / ChromeOptions
2021-09-25 11:11:22,156 - undetected_chromedriver - INFO - starting undetected_chromedriver.Chrome((), {'options': <selenium.webdriver.chrome.options.Options object at 0x0000015F827D2B50>, 'executable_path': './chromedriver.exe'})
2021-09-25 11:12:16,376 - undetected_chromedriver - INFO - Selenium patched. Safe to import Chrome / ChromeOptions
2021-09-25 11:12:16,376 - undetected_chromedriver - INFO - Selenium patched. Safe to import Chrome / ChromeOptions
2021-09-25 11:12:16,376 - undetected_chromedriver - INFO - Selenium patched. Safe to import Chrome / ChromeOptions
2021-09-25 11:12:17,443 - undetected_chromedriver - INFO - starting undetected_chromedriver.Chrome((), {'options': <selenium.webdriver.chrome.options.Options object at 0x000001891472AE80>, 'executable_path': './chromedriver.exe'})
2021-09-25 11:13:51,245 - undetected_chromedriver - INFO - Selenium patched. Safe to import Chrome / ChromeOptions
2021-09-25 11:13:51,246 - undetected_chromedriver - INFO - Selenium patched. Safe to import Chrome / ChromeOptions
2021-09-25 11:13:51,246 - undetected_chromedriver - INFO - Selenium patched. Safe to import Chrome / ChromeOptions
2021-09-25 11:13:57,657 - undetected_chromedriver - INFO - Selenium patched. Safe to import Chrome / ChromeOptions
2021-09-25 11:13:57,657 - undetected_chromedriver - INFO - Selenium patched. Safe to import Chrome / ChromeOptions
2021-09-25 11:13:57,657 - undetected_chromedriver - INFO - Selenium patched. Safe to import Chrome / ChromeOptions
2021-09-25 11:13:58,707 - undetected_chromedriver - INFO - starting undetected_chromedriver.Chrome((), {'options': <selenium.webdriver.chrome.options.Options object at 0x000001D6E745AD30>, 'executable_path': './chromedriver.exe'})
2021-09-25 11:14:18,050 - undetected_chromedriver - INFO - Selenium patched. Safe to import Chrome / ChromeOptions
2021-09-25 11:14:18,050 - undetected_chromedriver - INFO - Selenium patched. Safe to import Chrome / ChromeOptions
2021-09-25 11:14:18,050 - undetected_chromedriver - INFO - Selenium patched. Safe to import Chrome / ChromeOptions
2021-09-25 11:14:19,092 - undetected_chromedriver - INFO - starting undetected_chromedriver.Chrome((), {'options': <selenium.webdriver.chrome.options.Options object at 0x000002300EE68B80>, 'executable_path': './chromedriver.exe'})
2021-09-25 11:15:39,803 - undetected_chromedriver - INFO - Selenium patched. Safe to import Chrome / ChromeOptions
2021-09-25 11:15:39,803 - undetected_chromedriver - INFO - Selenium patched. Safe to import Chrome / ChromeOptions
2021-09-25 11:15:39,803 - undetected_chromedriver - INFO - Selenium patched. Safe to import Chrome / ChromeOptions
2021-09-25 11:15:40,888 - undetected_chromedriver - INFO - starting undetected_chromedriver.Chrome((), {'options': <selenium.webdriver.chrome.options.Options object at 0x000002C71875EEE0>, 'executable_path': './chromedriver.exe'})
2021-09-25 11:18:04,759 - undetected_chromedriver - INFO - Selenium patched. Safe to import Chrome / ChromeOptions
2021-09-25 11:18:04,762 - undetected_chromedriver - INFO - Selenium patched. Safe to import Chrome / ChromeOptions
2021-09-25 11:18:04,762 - undetected_chromedriver - INFO - Selenium patched. Safe to import Chrome / ChromeOptions
2021-09-25 11:18:05,832 - undetected_chromedriver - INFO - starting undetected_chromedriver.Chrome((), {'options': <selenium.webdriver.chrome.options.Options object at 0x000002287FE27730>, 'executable_path': './chromedriver.exe'})
2021-09-25 11:21:24,785 - undetected_chromedriver - INFO - Selenium patched. Safe to import Chrome / ChromeOptions
2021-09-25 11:21:24,785 - undetected_chromedriver - INFO - Selenium patched. Safe to import Chrome / ChromeOptions
2021-09-25 11:21:24,785 - undetected_chromedriver - INFO - Selenium patched. Safe to import Chrome / ChromeOptions
2021-09-25 11:21:25,871 - undetected_chromedriver - INFO - starting undetected_chromedriver.Chrome((), {'options': <selenium.webdriver.chrome.options.Options object at 0x0000029592E567F0>, 'executable_path': './chromedriver.exe'})
2021-09-25 11:22:51,874 - undetected_chromedriver - INFO - Selenium patched. Safe to import Chrome / ChromeOptions
2021-09-25 11:22:51,875 - undetected_chromedriver - INFO - Selenium patched. Safe to import Chrome / ChromeOptions
2021-09-25 11:22:51,875 - undetected_chromedriver - INFO - Selenium patched. Safe to import Chrome / ChromeOptions
2021-09-25 11:22:55,803 - undetected_chromedriver - INFO - Selenium patched. Safe to import Chrome / ChromeOptions
2021-09-25 11:22:55,803 - undetected_chromedriver - INFO - Selenium patched. Safe to import Chrome / ChromeOptions
2021-09-25 11:22:55,803 - undetected_chromedriver - INFO - Selenium patched. Safe to import Chrome / ChromeOptions
2021-09-25 11:22:56,872 - undetected_chromedriver - INFO - starting undetected_chromedriver.Chrome((), {'options': <selenium.webdriver.chrome.options.Options object at 0x000001BB1726DB80>, 'executable_path': './chromedriver.exe'})
2021-09-25 11:23:33,775 - undetected_chromedriver - INFO - Selenium patched. Safe to import Chrome / ChromeOptions
2021-09-25 11:23:33,775 - undetected_chromedriver - INFO - Selenium patched. Safe to import Chrome / ChromeOptions
2021-09-25 11:23:33,775 - undetected_chromedriver - INFO - Selenium patched. Safe to import Chrome / ChromeOptions
2021-09-25 11:23:34,841 - undetected_chromedriver - INFO - starting undetected_chromedriver.Chrome((), {'options': <selenium.webdriver.chrome.options.Options object at 0x000002672C9777C0>, 'executable_path': './chromedriver.exe'})
2021-09-25 11:24:10,897 - undetected_chromedriver - INFO - Selenium patched. Safe to import Chrome / ChromeOptions
2021-09-25 11:24:10,897 - undetected_chromedriver - INFO - Selenium patched. Safe to import Chrome / ChromeOptions
2021-09-25 11:24:10,897 - undetected_chromedriver - INFO - Selenium patched. Safe to import Chrome / ChromeOptions
2021-09-25 11:24:11,941 - undetected_chromedriver - INFO - starting undetected_chromedriver.Chrome((), {'options': <selenium.webdriver.chrome.options.Options object at 0x0000019EEC592A90>, 'executable_path': './chromedriver.exe'})
2021-09-25 11:24:34,069 - undetected_chromedriver - INFO - Selenium patched. Safe to import Chrome / ChromeOptions
2021-09-25 11:24:34,069 - undetected_chromedriver - INFO - Selenium patched. Safe to import Chrome / ChromeOptions
2021-09-25 11:24:34,069 - undetected_chromedriver - INFO - Selenium patched. Safe to import Chrome / ChromeOptions
2021-09-25 11:24:35,112 - undetected_chromedriver - INFO - starting undetected_chromedriver.Chrome((), {'options': <selenium.webdriver.chrome.options.Options object at 0x000001A9B599EC10>, 'executable_path': './chromedriver.exe'})
2021-09-25 11:25:27,859 - undetected_chromedriver - INFO - Selenium patched. Safe to import Chrome / ChromeOptions
2021-09-25 11:25:27,859 - undetected_chromedriver - INFO - Selenium patched. Safe to import Chrome / ChromeOptions
2021-09-25 11:25:27,859 - undetected_chromedriver - INFO - Selenium patched. Safe to import Chrome / ChromeOptions
2021-09-25 11:25:28,925 - undetected_chromedriver - INFO - starting undetected_chromedriver.Chrome((), {'options': <selenium.webdriver.chrome.options.Options object at 0x000002040DC3CB80>, 'executable_path': './chromedriver.exe'})
2021-09-25 11:30:07,684 - undetected_chromedriver - INFO - Selenium patched. Safe to import Chrome / ChromeOptions
2021-09-25 11:30:07,684 - undetected_chromedriver - INFO - Selenium patched. Safe to import Chrome / ChromeOptions
2021-09-25 11:30:07,684 - undetected_chromedriver - INFO - Selenium patched. Safe to import Chrome / ChromeOptions
2021-09-25 11:30:08,732 - undetected_chromedriver - INFO - starting undetected_chromedriver.Chrome((), {'options': <selenium.webdriver.chrome.options.Options object at 0x0000022DD62F78E0>, 'executable_path': './chromedriver.exe'})
2021-09-25 11:31:29,001 - undetected_chromedriver - INFO - Selenium patched. Safe to import Chrome / ChromeOptions
2021-09-25 11:31:29,001 - undetected_chromedriver - INFO - Selenium patched. Safe to import Chrome / ChromeOptions
2021-09-25 11:31:29,001 - undetected_chromedriver - INFO - Selenium patched. Safe to import Chrome / ChromeOptions
2021-09-25 11:31:30,081 - undetected_chromedriver - INFO - starting undetected_chromedriver.Chrome((), {'options': <selenium.webdriver.chrome.options.Options object at 0x000002AE486A6880>, 'executable_path': './chromedriver.exe'})
2021-09-25 11:31:54,620 - undetected_chromedriver - INFO - Selenium patched. Safe to import Chrome / ChromeOptions
2021-09-25 11:31:54,620 - undetected_chromedriver - INFO - Selenium patched. Safe to import Chrome / ChromeOptions
2021-09-25 11:31:54,624 - undetected_chromedriver - INFO - Selenium patched. Safe to import Chrome / ChromeOptions
2021-09-25 11:31:55,660 - undetected_chromedriver - INFO - starting undetected_chromedriver.Chrome((), {'options': <selenium.webdriver.chrome.options.Options object at 0x0000017AA3FD6910>, 'executable_path': './chromedriver.exe'})
2021-09-25 11:32:19,306 - undetected_chromedriver - INFO - Selenium patched. Safe to import Chrome / ChromeOptions
2021-09-25 11:32:19,306 - undetected_chromedriver - INFO - Selenium patched. Safe to import Chrome / ChromeOptions
2021-09-25 11:32:19,306 - undetected_chromedriver - INFO - Selenium patched. Safe to import Chrome / ChromeOptions
2021-09-25 11:32:20,372 - undetected_chromedriver - INFO - starting undetected_chromedriver.Chrome((), {'options': <selenium.webdriver.chrome.options.Options object at 0x00000289C611ACA0>, 'executable_path': './chromedriver.exe'})
2021-09-25 11:33:19,339 - undetected_chromedriver - INFO - Selenium patched. Safe to import Chrome / ChromeOptions
2021-09-25 11:33:19,339 - undetected_chromedriver - INFO - Selenium patched. Safe to import Chrome / ChromeOptions
2021-09-25 11:33:19,339 - undetected_chromedriver - INFO - Selenium patched. Safe to import Chrome / ChromeOptions
2021-09-25 11:33:20,385 - undetected_chromedriver - INFO - starting undetected_chromedriver.Chrome((), {'options': <selenium.webdriver.chrome.options.Options object at 0x00000228CE2DEE80>, 'executable_path': './chromedriver.exe'})
2021-09-25 11:33:42,500 - undetected_chromedriver - INFO - Selenium patched. Safe to import Chrome / ChromeOptions
2021-09-25 11:33:42,500 - undetected_chromedriver - INFO - Selenium patched. Safe to import Chrome / ChromeOptions
2021-09-25 11:33:42,500 - undetected_chromedriver - INFO - Selenium patched. Safe to import Chrome / ChromeOptions
2021-09-25 11:33:43,530 - undetected_chromedriver - INFO - starting undetected_chromedriver.Chrome((), {'options': <selenium.webdriver.chrome.options.Options object at 0x000001C8A69459A0>, 'executable_path': './chromedriver.exe'})
2021-09-25 11:36:18,964 - undetected_chromedriver - INFO - Selenium patched. Safe to import Chrome / ChromeOptions
2021-09-25 11:36:18,964 - undetected_chromedriver - INFO - Selenium patched. Safe to import Chrome / ChromeOptions
2021-09-25 11:36:18,964 - undetected_chromedriver - INFO - Selenium patched. Safe to import Chrome / ChromeOptions
2021-09-25 11:36:20,004 - undetected_chromedriver - INFO - starting undetected_chromedriver.Chrome((), {'options': <selenium.webdriver.chrome.options.Options object at 0x000002874B0868E0>, 'executable_path': './chromedriver.exe'})
2021-09-25 11:38:14,555 - undetected_chromedriver - INFO - Selenium patched. Safe to import Chrome / ChromeOptions
2021-09-25 11:38:14,555 - undetected_chromedriver - INFO - Selenium patched. Safe to import Chrome / ChromeOptions
2021-09-25 11:38:14,555 - undetected_chromedriver - INFO - Selenium patched. Safe to import Chrome / ChromeOptions
2021-09-25 11:38:15,636 - undetected_chromedriver - INFO - starting undetected_chromedriver.Chrome((), {'options': <selenium.webdriver.chrome.options.Options object at 0x000001AB8B917910>, 'executable_path': './chromedriver.exe'})
2021-09-25 11:38:55,416 - undetected_chromedriver - INFO - Selenium patched. Safe to import Chrome / ChromeOptions
2021-09-25 11:38:55,416 - undetected_chromedriver - INFO - Selenium patched. Safe to import Chrome / ChromeOptions
2021-09-25 11:38:55,416 - undetected_chromedriver - INFO - Selenium patched. Safe to import Chrome / ChromeOptions
2021-09-25 11:38:56,463 - undetected_chromedriver - INFO - starting undetected_chromedriver.Chrome((), {'options': <selenium.webdriver.chrome.options.Options object at 0x000002B5859FDD60>, 'executable_path': './chromedriver.exe'})
2021-09-25 11:40:00,180 - undetected_chromedriver - INFO - Selenium patched. Safe to import Chrome / ChromeOptions
2021-09-25 11:40:00,181 - undetected_chromedriver - INFO - Selenium patched. Safe to import Chrome / ChromeOptions
2021-09-25 11:40:00,181 - undetected_chromedriver - INFO - Selenium patched. Safe to import Chrome / ChromeOptions
2021-09-25 11:40:06,655 - undetected_chromedriver - INFO - Selenium patched. Safe to import Chrome / ChromeOptions
2021-09-25 11:40:06,655 - undetected_chromedriver - INFO - Selenium patched. Safe to import Chrome / ChromeOptions
2021-09-25 11:40:06,655 - undetected_chromedriver - INFO - Selenium patched. Safe to import Chrome / ChromeOptions
2021-09-25 11:40:07,702 - undetected_chromedriver - INFO - starting undetected_chromedriver.Chrome((), {'options': <selenium.webdriver.chrome.options.Options object at 0x0000012871C9BEB0>, 'executable_path': './chromedriver.exe'})
2021-09-25 11:43:25,687 - undetected_chromedriver - INFO - Selenium patched. Safe to import Chrome / ChromeOptions
2021-09-25 11:43:25,687 - undetected_chromedriver - INFO - Selenium patched. Safe to import Chrome / ChromeOptions
2021-09-25 11:43:25,687 - undetected_chromedriver - INFO - Selenium patched. Safe to import Chrome / ChromeOptions
2021-09-25 11:43:26,766 - undetected_chromedriver - INFO - starting undetected_chromedriver.Chrome((), {'options': <selenium.webdriver.chrome.options.Options object at 0x000002AFAB6569A0>, 'executable_path': './chromedriver.exe'})
2021-09-25 11:43:49,718 - undetected_chromedriver - INFO - Selenium patched. Safe to import Chrome / ChromeOptions
2021-09-25 11:43:49,718 - undetected_chromedriver - INFO - Selenium patched. Safe to import Chrome / ChromeOptions
2021-09-25 11:43:49,718 - undetected_chromedriver - INFO - Selenium patched. Safe to import Chrome / ChromeOptions
2021-09-25 11:43:50,789 - undetected_chromedriver - INFO - starting undetected_chromedriver.Chrome((), {'options': <selenium.webdriver.chrome.options.Options object at 0x000001D3D0164C40>, 'executable_path': './chromedriver.exe'})
2021-09-25 11:44:42,638 - undetected_chromedriver - INFO - Selenium patched. Safe to import Chrome / ChromeOptions
2021-09-25 11:44:42,638 - undetected_chromedriver - INFO - Selenium patched. Safe to import Chrome / ChromeOptions
2021-09-25 11:44:42,638 - undetected_chromedriver - INFO - Selenium patched. Safe to import Chrome / ChromeOptions
2021-09-25 11:44:47,609 - undetected_chromedriver - INFO - Selenium patched. Safe to import Chrome / ChromeOptions
2021-09-25 11:44:47,609 - undetected_chromedriver - INFO - Selenium patched. Safe to import Chrome / ChromeOptions
2021-09-25 11:44:47,609 - undetected_chromedriver - INFO - Selenium patched. Safe to import Chrome / ChromeOptions
2021-09-25 11:44:48,640 - undetected_chromedriver - INFO - starting undetected_chromedriver.Chrome((), {'options': <selenium.webdriver.chrome.options.Options object at 0x000001ADE27DADC0>, 'executable_path': './chromedriver.exe'})
2021-09-25 11:46:21,944 - undetected_chromedriver - INFO - Selenium patched. Safe to import Chrome / ChromeOptions
2021-09-25 11:46:21,944 - undetected_chromedriver - INFO - Selenium patched. Safe to import Chrome / ChromeOptions
2021-09-25 11:46:21,944 - undetected_chromedriver - INFO - Selenium patched. Safe to import Chrome / ChromeOptions
2021-09-25 11:46:26,004 - undetected_chromedriver - INFO - Selenium patched. Safe to import Chrome / ChromeOptions
2021-09-25 11:46:26,004 - undetected_chromedriver - INFO - Selenium patched. Safe to import Chrome / ChromeOptions
2021-09-25 11:46:26,004 - undetected_chromedriver - INFO - Selenium patched. Safe to import Chrome / ChromeOptions
2021-09-25 11:46:27,036 - undetected_chromedriver - INFO - starting undetected_chromedriver.Chrome((), {'options': <selenium.webdriver.chrome.options.Options object at 0x0000015A8C679BE0>, 'executable_path': './chromedriver.exe'})
2021-09-25 11:47:23,755 - undetected_chromedriver - INFO - Selenium patched. Safe to import Chrome / ChromeOptions
2021-09-25 11:47:23,755 - undetected_chromedriver - INFO - Selenium patched. Safe to import Chrome / ChromeOptions
2021-09-25 11:47:23,755 - undetected_chromedriver - INFO - Selenium patched. Safe to import Chrome / ChromeOptions
2021-09-25 11:47:24,824 - undetected_chromedriver - INFO - starting undetected_chromedriver.Chrome((), {'options': <selenium.webdriver.chrome.options.Options object at 0x000001EF0DD77880>, 'executable_path': './chromedriver.exe'})
2021-09-25 11:50:59,218 - undetected_chromedriver - INFO - Selenium patched. Safe to import Chrome / ChromeOptions
2021-09-25 11:50:59,218 - undetected_chromedriver - INFO - Selenium patched. Safe to import Chrome / ChromeOptions
2021-09-25 11:50:59,218 - undetected_chromedriver - INFO - Selenium patched. Safe to import Chrome / ChromeOptions
2021-09-25 11:51:00,277 - undetected_chromedriver - INFO - starting undetected_chromedriver.Chrome((), {'options': <selenium.webdriver.chrome.options.Options object at 0x000001E0C772CB20>, 'executable_path': './chromedriver.exe'})
2021-09-25 11:51:33,005 - undetected_chromedriver - INFO - Selenium patched. Safe to import Chrome / ChromeOptions
2021-09-25 11:51:33,006 - undetected_chromedriver - INFO - Selenium patched. Safe to import Chrome / ChromeOptions
2021-09-25 11:51:33,006 - undetected_chromedriver - INFO - Selenium patched. Safe to import Chrome / ChromeOptions
2021-09-25 11:51:36,625 - undetected_chromedriver - INFO - Selenium patched. Safe to import Chrome / ChromeOptions
2021-09-25 11:51:36,625 - undetected_chromedriver - INFO - Selenium patched. Safe to import Chrome / ChromeOptions
2021-09-25 11:51:36,625 - undetected_chromedriver - INFO - Selenium patched. Safe to import Chrome / ChromeOptions
2021-09-25 11:51:37,658 - undetected_chromedriver - INFO - starting undetected_chromedriver.Chrome((), {'options': <selenium.webdriver.chrome.options.Options object at 0x0000024153B7AEB0>, 'executable_path': './chromedriver.exe'})
2021-09-25 11:52:31,529 - undetected_chromedriver - INFO - Selenium patched. Safe to import Chrome / ChromeOptions
2021-09-25 11:52:31,529 - undetected_chromedriver - INFO - Selenium patched. Safe to import Chrome / ChromeOptions
2021-09-25 11:52:31,533 - undetected_chromedriver - INFO - Selenium patched. Safe to import Chrome / ChromeOptions
2021-09-25 11:52:32,576 - undetected_chromedriver - INFO - starting undetected_chromedriver.Chrome((), {'options': <selenium.webdriver.chrome.options.Options object at 0x0000014537972A30>, 'executable_path': './chromedriver.exe'})
2021-09-25 11:53:12,137 - undetected_chromedriver - INFO - Selenium patched. Safe to import Chrome / ChromeOptions
2021-09-25 11:53:12,137 - undetected_chromedriver - INFO - Selenium patched. Safe to import Chrome / ChromeOptions
2021-09-25 11:53:12,137 - undetected_chromedriver - INFO - Selenium patched. Safe to import Chrome / ChromeOptions
2021-09-25 11:53:13,176 - undetected_chromedriver - INFO - starting undetected_chromedriver.Chrome((), {'options': <selenium.webdriver.chrome.options.Options object at 0x0000014986ACBEE0>, 'executable_path': './chromedriver.exe'})
2021-09-25 11:54:03,322 - undetected_chromedriver - INFO - Selenium patched. Safe to import Chrome / ChromeOptions
2021-09-25 11:54:03,322 - undetected_chromedriver - INFO - Selenium patched. Safe to import Chrome / ChromeOptions
2021-09-25 11:54:03,322 - undetected_chromedriver - INFO - Selenium patched. Safe to import Chrome / ChromeOptions
2021-09-25 11:54:04,356 - undetected_chromedriver - INFO - starting undetected_chromedriver.Chrome((), {'options': <selenium.webdriver.chrome.options.Options object at 0x0000024DF68DDE80>, 'executable_path': './chromedriver.exe'})
2021-09-25 11:54:57,368 - undetected_chromedriver - INFO - Selenium patched. Safe to import Chrome / ChromeOptions
2021-09-25 11:54:57,368 - undetected_chromedriver - INFO - Selenium patched. Safe to import Chrome / ChromeOptions
2021-09-25 11:54:57,368 - undetected_chromedriver - INFO - Selenium patched. Safe to import Chrome / ChromeOptions
2021-09-25 11:54:58,429 - undetected_chromedriver - INFO - starting undetected_chromedriver.Chrome((), {'options': <selenium.webdriver.chrome.options.Options object at 0x00000185FD9AAEB0>, 'executable_path': './chromedriver.exe'})
2021-09-25 11:55:15,531 - undetected_chromedriver - INFO - Selenium patched. Safe to import Chrome / ChromeOptions
2021-09-25 11:55:15,531 - undetected_chromedriver - INFO - Selenium patched. Safe to import Chrome / ChromeOptions
2021-09-25 11:55:15,531 - undetected_chromedriver - INFO - Selenium patched. Safe to import Chrome / ChromeOptions
2021-09-25 11:55:16,571 - undetected_chromedriver - INFO - starting undetected_chromedriver.Chrome((), {'options': <selenium.webdriver.chrome.options.Options object at 0x000001FF2E98ED90>, 'executable_path': './chromedriver.exe'})
2021-09-25 11:56:02,183 - undetected_chromedriver - INFO - Selenium patched. Safe to import Chrome / ChromeOptions
2021-09-25 11:56:02,183 - undetected_chromedriver - INFO - Selenium patched. Safe to import Chrome / ChromeOptions
2021-09-25 11:56:02,183 - undetected_chromedriver - INFO - Selenium patched. Safe to import Chrome / ChromeOptions
2021-09-25 11:56:05,656 - undetected_chromedriver - INFO - Selenium patched. Safe to import Chrome / ChromeOptions
2021-09-25 11:56:05,656 - undetected_chromedriver - INFO - Selenium patched. Safe to import Chrome / ChromeOptions
2021-09-25 11:56:05,660 - undetected_chromedriver - INFO - Selenium patched. Safe to import Chrome / ChromeOptions
2021-09-25 11:56:06,742 - undetected_chromedriver - INFO - starting undetected_chromedriver.Chrome((), {'options': <selenium.webdriver.chrome.options.Options object at 0x00000173DAF6BDF0>, 'executable_path': './chromedriver.exe'})
2021-09-25 12:02:22,405 - undetected_chromedriver - INFO - Selenium patched. Safe to import Chrome / ChromeOptions
2021-09-25 12:02:22,405 - undetected_chromedriver - INFO - Selenium patched. Safe to import Chrome / ChromeOptions
2021-09-25 12:02:22,405 - undetected_chromedriver - INFO - Selenium patched. Safe to import Chrome / ChromeOptions
2021-09-25 12:02:23,458 - undetected_chromedriver - INFO - starting undetected_chromedriver.Chrome((), {'options': <selenium.webdriver.chrome.options.Options object at 0x000001DA226BBD90>, 'executable_path': './chromedriver.exe'})
2021-09-25 12:03:02,327 - undetected_chromedriver - INFO - Selenium patched. Safe to import Chrome / ChromeOptions
2021-09-25 12:03:02,327 - undetected_chromedriver - INFO - Selenium patched. Safe to import Chrome / ChromeOptions
2021-09-25 12:03:02,327 - undetected_chromedriver - INFO - Selenium patched. Safe to import Chrome / ChromeOptions
2021-09-25 12:03:03,412 - undetected_chromedriver - INFO - starting undetected_chromedriver.Chrome((), {'options': <selenium.webdriver.chrome.options.Options object at 0x0000021A122978E0>, 'executable_path': './chromedriver.exe'})
2021-09-25 12:10:33,443 - undetected_chromedriver - INFO - Selenium patched. Safe to import Chrome / ChromeOptions
2021-09-25 12:10:33,443 - undetected_chromedriver - INFO - Selenium patched. Safe to import Chrome / ChromeOptions
2021-09-25 12:10:33,443 - undetected_chromedriver - INFO - Selenium patched. Safe to import Chrome / ChromeOptions
2021-09-25 12:10:34,545 - undetected_chromedriver - INFO - starting undetected_chromedriver.Chrome((), {'options': <selenium.webdriver.chrome.options.Options object at 0x000001B7AF5AEB20>, 'executable_path': './chromedriver.exe'})
2021-09-25 12:11:55,900 - undetected_chromedriver - INFO - Selenium patched. Safe to import Chrome / ChromeOptions
2021-09-25 12:11:55,900 - undetected_chromedriver - INFO - Selenium patched. Safe to import Chrome / ChromeOptions
2021-09-25 12:11:55,900 - undetected_chromedriver - INFO - Selenium patched. Safe to import Chrome / ChromeOptions
2021-09-25 12:11:56,980 - undetected_chromedriver - INFO - starting undetected_chromedriver.Chrome((), {'options': <selenium.webdriver.chrome.options.Options object at 0x0000025FBD7377C0>, 'executable_path': './chromedriver.exe'})
2021-09-25 12:12:41,618 - undetected_chromedriver - INFO - Selenium patched. Safe to import Chrome / ChromeOptions
2021-09-25 12:12:41,622 - undetected_chromedriver - INFO - Selenium patched. Safe to import Chrome / ChromeOptions
2021-09-25 12:12:41,622 - undetected_chromedriver - INFO - Selenium patched. Safe to import Chrome / ChromeOptions
2021-09-25 12:12:42,676 - undetected_chromedriver - INFO - starting undetected_chromedriver.Chrome((), {'options': <selenium.webdriver.chrome.options.Options object at 0x000001EA6EB12A90>, 'executable_path': './chromedriver.exe'})
2021-09-25 12:13:21,874 - undetected_chromedriver - INFO - Selenium patched. Safe to import Chrome / ChromeOptions
2021-09-25 12:13:21,874 - undetected_chromedriver - INFO - Selenium patched. Safe to import Chrome / ChromeOptions
2021-09-25 12:13:21,874 - undetected_chromedriver - INFO - Selenium patched. Safe to import Chrome / ChromeOptions
2021-09-25 12:13:22,945 - undetected_chromedriver - INFO - starting undetected_chromedriver.Chrome((), {'options': <selenium.webdriver.chrome.options.Options object at 0x000001FDD666D820>, 'executable_path': './chromedriver.exe'})
2021-09-25 12:15:42,291 - undetected_chromedriver - INFO - Selenium patched. Safe to import Chrome / ChromeOptions
2021-09-25 12:15:42,291 - undetected_chromedriver - INFO - Selenium patched. Safe to import Chrome / ChromeOptions
2021-09-25 12:15:42,291 - undetected_chromedriver - INFO - Selenium patched. Safe to import Chrome / ChromeOptions
2021-09-25 12:15:43,332 - undetected_chromedriver - INFO - starting undetected_chromedriver.Chrome((), {'options': <selenium.webdriver.chrome.options.Options object at 0x0000021C4AE7AD30>, 'executable_path': './chromedriver.exe'})
2021-09-25 12:17:47,373 - undetected_chromedriver - INFO - Selenium patched. Safe to import Chrome / ChromeOptions
2021-09-25 12:17:47,373 - undetected_chromedriver - INFO - Selenium patched. Safe to import Chrome / ChromeOptions
2021-09-25 12:17:47,373 - undetected_chromedriver - INFO - Selenium patched. Safe to import Chrome / ChromeOptions
2021-09-25 12:17:48,428 - undetected_chromedriver - INFO - starting undetected_chromedriver.Chrome((), {'options': <selenium.webdriver.chrome.options.Options object at 0x000001B2A1BFDEB0>, 'executable_path': './chromedriver.exe'})
2021-09-25 12:19:29,336 - undetected_chromedriver - INFO - Selenium patched. Safe to import Chrome / ChromeOptions
2021-09-25 12:19:29,336 - undetected_chromedriver - INFO - Selenium patched. Safe to import Chrome / ChromeOptions
2021-09-25 12:19:29,336 - undetected_chromedriver - INFO - Selenium patched. Safe to import Chrome / ChromeOptions
2021-09-25 12:19:30,375 - undetected_chromedriver - INFO - starting undetected_chromedriver.Chrome((), {'options': <selenium.webdriver.chrome.options.Options object at 0x0000019AC548BD30>, 'executable_path': './chromedriver.exe'})
2021-09-25 12:22:46,356 - undetected_chromedriver - INFO - Selenium patched. Safe to import Chrome / ChromeOptions
2021-09-25 12:22:46,356 - undetected_chromedriver - INFO - Selenium patched. Safe to import Chrome / ChromeOptions
2021-09-25 12:22:46,356 - undetected_chromedriver - INFO - Selenium patched. Safe to import Chrome / ChromeOptions
2021-09-25 12:22:47,404 - undetected_chromedriver - INFO - starting undetected_chromedriver.Chrome((), {'options': <selenium.webdriver.chrome.options.Options object at 0x00000228AE48FB80>, 'executable_path': './chromedriver.exe'})
2021-09-25 12:26:32,172 - undetected_chromedriver - INFO - Selenium patched. Safe to import Chrome / ChromeOptions
2021-09-25 12:26:32,172 - undetected_chromedriver - INFO - Selenium patched. Safe to import Chrome / ChromeOptions
2021-09-25 12:26:32,172 - undetected_chromedriver - INFO - Selenium patched. Safe to import Chrome / ChromeOptions
2021-09-25 12:26:33,208 - undetected_chromedriver - INFO - starting undetected_chromedriver.Chrome((), {'options': <selenium.webdriver.chrome.options.Options object at 0x000001F2C2659D90>, 'executable_path': './chromedriver.exe'})
2021-09-25 12:26:56,460 - undetected_chromedriver - INFO - Selenium patched. Safe to import Chrome / ChromeOptions
2021-09-25 12:26:56,460 - undetected_chromedriver - INFO - Selenium patched. Safe to import Chrome / ChromeOptions
2021-09-25 12:26:56,460 - undetected_chromedriver - INFO - Selenium patched. Safe to import Chrome / ChromeOptions
2021-09-25 12:26:57,504 - undetected_chromedriver - INFO - starting undetected_chromedriver.Chrome((), {'options': <selenium.webdriver.chrome.options.Options object at 0x0000029BEED39EE0>, 'executable_path': './chromedriver.exe'})
2021-09-25 12:42:44,040 - undetected_chromedriver - INFO - Selenium patched. Safe to import Chrome / ChromeOptions
2021-09-25 12:42:44,040 - undetected_chromedriver - INFO - Selenium patched. Safe to import Chrome / ChromeOptions
2021-09-25 12:42:44,040 - undetected_chromedriver - INFO - Selenium patched. Safe to import Chrome / ChromeOptions
2021-09-25 12:42:45,094 - undetected_chromedriver - INFO - starting undetected_chromedriver.Chrome((), {'options': <selenium.webdriver.chrome.options.Options object at 0x00000278C23E0BE0>, 'executable_path': './chromedriver.exe'})
2021-09-25 12:42:45,095 - insta_web_actions - INFO - - Start Browsing -
2021-09-25 12:42:53,949 - insta_web_actions - INFO - - Browsing Home -
2021-09-25 12:46:25,729 - undetected_chromedriver - INFO - Selenium patched. Safe to import Chrome / ChromeOptions
2021-09-25 12:46:25,729 - undetected_chromedriver - INFO - Selenium patched. Safe to import Chrome / ChromeOptions
2021-09-25 12:46:25,729 - undetected_chromedriver - INFO - Selenium patched. Safe to import Chrome / ChromeOptions
2021-09-25 12:46:26,782 - undetected_chromedriver - INFO - starting undetected_chromedriver.Chrome((), {'options': <selenium.webdriver.chrome.options.Options object at 0x000002289D1FAE50>, 'executable_path': './chromedriver.exe'})
2021-09-25 12:46:26,783 - insta_web_actions - INFO - - Start Browsing -
2021-09-25 12:46:26,783 - insta_web_actions - INFO - - Browsing Explore -
2021-09-25 12:46:41,568 - insta_web_actions - INFO - - Scroll to Find Post Links -
2021-09-25 12:46:41,568 - insta_web_actions - ERROR - !- Failed Trying to Browse Explore - Error : ('Connection aborted.', ConnectionResetError(10054, 'An existing connection was forcibly closed by the remote host', None, 10054, None)) - 
Traceback (most recent call last):
  File "C:\Users\CowCheeks\PycharmProjects\insta_web_scraping\venv\lib\site-packages\urllib3\connectionpool.py", line 699, in urlopen
    httplib_response = self._make_request(
  File "C:\Users\CowCheeks\PycharmProjects\insta_web_scraping\venv\lib\site-packages\urllib3\connectionpool.py", line 445, in _make_request
    six.raise_from(e, None)
  File "<string>", line 3, in raise_from
  File "C:\Users\CowCheeks\PycharmProjects\insta_web_scraping\venv\lib\site-packages\urllib3\connectionpool.py", line 440, in _make_request
    httplib_response = conn.getresponse()
  File "C:\Users\CowCheeks\AppData\Local\Programs\Python\Python39\lib\http\client.py", line 1345, in getresponse
    response.begin()
  File "C:\Users\CowCheeks\AppData\Local\Programs\Python\Python39\lib\http\client.py", line 307, in begin
    version, status, reason = self._read_status()
  File "C:\Users\CowCheeks\AppData\Local\Programs\Python\Python39\lib\http\client.py", line 268, in _read_status
    line = str(self.fp.readline(_MAXLINE + 1), "iso-8859-1")
  File "C:\Users\CowCheeks\AppData\Local\Programs\Python\Python39\lib\socket.py", line 704, in readinto
    return self._sock.recv_into(b)
ConnectionResetError: [WinError 10054] An existing connection was forcibly closed by the remote host

During handling of the above exception, another exception occurred:

Traceback (most recent call last):
  File "C:\Users\CowCheeks\PycharmProjects\insta_web_scraping\insta_web_actions.py", line 236, in browse
    self.scroll_down_page(times=rnd_scroll, speed=rnd_speed)
  File "C:\Users\CowCheeks\PycharmProjects\insta_web_scraping\insta_web_actions.py", line 278, in scroll_down_page
    current_scroll_position = self.driver.execute_script("return document.documentElement.scrollTop")
  File "C:\Users\CowCheeks\PycharmProjects\insta_web_scraping\venv\lib\site-packages\selenium\webdriver\remote\webdriver.py", line 790, in execute_script
    return self.execute(command, {
  File "C:\Users\CowCheeks\PycharmProjects\insta_web_scraping\venv\lib\site-packages\selenium\webdriver\remote\webdriver.py", line 398, in execute
    response = self.command_executor.execute(driver_command, params)
  File "C:\Users\CowCheeks\PycharmProjects\insta_web_scraping\venv\lib\site-packages\selenium\webdriver\remote\remote_connection.py", line 398, in execute
    return self._request(command_info[0], url, body=data)
  File "C:\Users\CowCheeks\PycharmProjects\insta_web_scraping\venv\lib\site-packages\selenium\webdriver\remote\remote_connection.py", line 420, in _request
    resp = self._conn.request(method, url, body=body, headers=headers)
  File "C:\Users\CowCheeks\PycharmProjects\insta_web_scraping\venv\lib\site-packages\urllib3\request.py", line 78, in request
    return self.request_encode_body(
  File "C:\Users\CowCheeks\PycharmProjects\insta_web_scraping\venv\lib\site-packages\urllib3\request.py", line 170, in request_encode_body
    return self.urlopen(method, url, **extra_kw)
  File "C:\Users\CowCheeks\PycharmProjects\insta_web_scraping\venv\lib\site-packages\urllib3\poolmanager.py", line 375, in urlopen
    response = conn.urlopen(method, u.request_uri, **kw)
  File "C:\Users\CowCheeks\PycharmProjects\insta_web_scraping\venv\lib\site-packages\urllib3\connectionpool.py", line 755, in urlopen
    retries = retries.increment(
  File "C:\Users\CowCheeks\PycharmProjects\insta_web_scraping\venv\lib\site-packages\urllib3\util\retry.py", line 532, in increment
    raise six.reraise(type(error), error, _stacktrace)
  File "C:\Users\CowCheeks\PycharmProjects\insta_web_scraping\venv\lib\site-packages\urllib3\packages\six.py", line 769, in reraise
    raise value.with_traceback(tb)
  File "C:\Users\CowCheeks\PycharmProjects\insta_web_scraping\venv\lib\site-packages\urllib3\connectionpool.py", line 699, in urlopen
    httplib_response = self._make_request(
  File "C:\Users\CowCheeks\PycharmProjects\insta_web_scraping\venv\lib\site-packages\urllib3\connectionpool.py", line 445, in _make_request
    six.raise_from(e, None)
  File "<string>", line 3, in raise_from
  File "C:\Users\CowCheeks\PycharmProjects\insta_web_scraping\venv\lib\site-packages\urllib3\connectionpool.py", line 440, in _make_request
    httplib_response = conn.getresponse()
  File "C:\Users\CowCheeks\AppData\Local\Programs\Python\Python39\lib\http\client.py", line 1345, in getresponse
    response.begin()
  File "C:\Users\CowCheeks\AppData\Local\Programs\Python\Python39\lib\http\client.py", line 307, in begin
    version, status, reason = self._read_status()
  File "C:\Users\CowCheeks\AppData\Local\Programs\Python\Python39\lib\http\client.py", line 268, in _read_status
    line = str(self.fp.readline(_MAXLINE + 1), "iso-8859-1")
  File "C:\Users\CowCheeks\AppData\Local\Programs\Python\Python39\lib\socket.py", line 704, in readinto
    return self._sock.recv_into(b)
urllib3.exceptions.ProtocolError: ('Connection aborted.', ConnectionResetError(10054, 'An existing connection was forcibly closed by the remote host', None, 10054, None))
2021-09-25 12:46:42,813 - undetected_chromedriver - INFO - Selenium patched. Safe to import Chrome / ChromeOptions
2021-09-25 12:46:42,813 - undetected_chromedriver - INFO - Selenium patched. Safe to import Chrome / ChromeOptions
2021-09-25 12:46:42,813 - undetected_chromedriver - INFO - Selenium patched. Safe to import Chrome / ChromeOptions
2021-09-25 12:46:43,841 - undetected_chromedriver - INFO - starting undetected_chromedriver.Chrome((), {'options': <selenium.webdriver.chrome.options.Options object at 0x0000020F5B48EDC0>, 'executable_path': './chromedriver.exe'})
2021-09-25 12:46:43,841 - insta_web_actions - INFO - - Start Browsing -
2021-09-25 12:46:43,842 - insta_web_actions - INFO - - Browsing Explore -
2021-09-25 12:49:59,182 - insta_web_actions - INFO - - Scroll to Find Post Links -
2021-09-25 12:49:59,184 - insta_web_actions - ERROR - !- Failed Trying to Browse Explore - Error : ('Connection aborted.', ConnectionResetError(10054, 'An existing connection was forcibly closed by the remote host', None, 10054, None)) - 
Traceback (most recent call last):
  File "C:\Users\CowCheeks\PycharmProjects\insta_web_scraping\venv\lib\site-packages\urllib3\connectionpool.py", line 699, in urlopen
    httplib_response = self._make_request(
  File "C:\Users\CowCheeks\PycharmProjects\insta_web_scraping\venv\lib\site-packages\urllib3\connectionpool.py", line 445, in _make_request
    six.raise_from(e, None)
  File "<string>", line 3, in raise_from
  File "C:\Users\CowCheeks\PycharmProjects\insta_web_scraping\venv\lib\site-packages\urllib3\connectionpool.py", line 440, in _make_request
    httplib_response = conn.getresponse()
  File "C:\Users\CowCheeks\AppData\Local\Programs\Python\Python39\lib\http\client.py", line 1345, in getresponse
    response.begin()
  File "C:\Users\CowCheeks\AppData\Local\Programs\Python\Python39\lib\http\client.py", line 307, in begin
    version, status, reason = self._read_status()
  File "C:\Users\CowCheeks\AppData\Local\Programs\Python\Python39\lib\http\client.py", line 268, in _read_status
    line = str(self.fp.readline(_MAXLINE + 1), "iso-8859-1")
  File "C:\Users\CowCheeks\AppData\Local\Programs\Python\Python39\lib\socket.py", line 704, in readinto
    return self._sock.recv_into(b)
ConnectionResetError: [WinError 10054] An existing connection was forcibly closed by the remote host

During handling of the above exception, another exception occurred:

Traceback (most recent call last):
  File "C:\Users\CowCheeks\PycharmProjects\insta_web_scraping\insta_web_actions.py", line 236, in browse
    self.scroll_down_page(times=rnd_scroll, speed=rnd_speed)
  File "C:\Users\CowCheeks\PycharmProjects\insta_web_scraping\insta_web_actions.py", line 278, in scroll_down_page
    current_scroll_position = self.driver.execute_script("return document.documentElement.scrollTop")
  File "C:\Users\CowCheeks\PycharmProjects\insta_web_scraping\venv\lib\site-packages\selenium\webdriver\remote\webdriver.py", line 790, in execute_script
    return self.execute(command, {
  File "C:\Users\CowCheeks\PycharmProjects\insta_web_scraping\venv\lib\site-packages\selenium\webdriver\remote\webdriver.py", line 398, in execute
    response = self.command_executor.execute(driver_command, params)
  File "C:\Users\CowCheeks\PycharmProjects\insta_web_scraping\venv\lib\site-packages\selenium\webdriver\remote\remote_connection.py", line 398, in execute
    return self._request(command_info[0], url, body=data)
  File "C:\Users\CowCheeks\PycharmProjects\insta_web_scraping\venv\lib\site-packages\selenium\webdriver\remote\remote_connection.py", line 420, in _request
    resp = self._conn.request(method, url, body=body, headers=headers)
  File "C:\Users\CowCheeks\PycharmProjects\insta_web_scraping\venv\lib\site-packages\urllib3\request.py", line 78, in request
    return self.request_encode_body(
  File "C:\Users\CowCheeks\PycharmProjects\insta_web_scraping\venv\lib\site-packages\urllib3\request.py", line 170, in request_encode_body
    return self.urlopen(method, url, **extra_kw)
  File "C:\Users\CowCheeks\PycharmProjects\insta_web_scraping\venv\lib\site-packages\urllib3\poolmanager.py", line 375, in urlopen
    response = conn.urlopen(method, u.request_uri, **kw)
  File "C:\Users\CowCheeks\PycharmProjects\insta_web_scraping\venv\lib\site-packages\urllib3\connectionpool.py", line 755, in urlopen
    retries = retries.increment(
  File "C:\Users\CowCheeks\PycharmProjects\insta_web_scraping\venv\lib\site-packages\urllib3\util\retry.py", line 532, in increment
    raise six.reraise(type(error), error, _stacktrace)
  File "C:\Users\CowCheeks\PycharmProjects\insta_web_scraping\venv\lib\site-packages\urllib3\packages\six.py", line 769, in reraise
    raise value.with_traceback(tb)
  File "C:\Users\CowCheeks\PycharmProjects\insta_web_scraping\venv\lib\site-packages\urllib3\connectionpool.py", line 699, in urlopen
    httplib_response = self._make_request(
  File "C:\Users\CowCheeks\PycharmProjects\insta_web_scraping\venv\lib\site-packages\urllib3\connectionpool.py", line 445, in _make_request
    six.raise_from(e, None)
  File "<string>", line 3, in raise_from
  File "C:\Users\CowCheeks\PycharmProjects\insta_web_scraping\venv\lib\site-packages\urllib3\connectionpool.py", line 440, in _make_request
    httplib_response = conn.getresponse()
  File "C:\Users\CowCheeks\AppData\Local\Programs\Python\Python39\lib\http\client.py", line 1345, in getresponse
    response.begin()
  File "C:\Users\CowCheeks\AppData\Local\Programs\Python\Python39\lib\http\client.py", line 307, in begin
    version, status, reason = self._read_status()
  File "C:\Users\CowCheeks\AppData\Local\Programs\Python\Python39\lib\http\client.py", line 268, in _read_status
    line = str(self.fp.readline(_MAXLINE + 1), "iso-8859-1")
  File "C:\Users\CowCheeks\AppData\Local\Programs\Python\Python39\lib\socket.py", line 704, in readinto
    return self._sock.recv_into(b)
urllib3.exceptions.ProtocolError: ('Connection aborted.', ConnectionResetError(10054, 'An existing connection was forcibly closed by the remote host', None, 10054, None))
